{"C:\\Users\\rishi\\OneDrive\\Desktop\\Solo-testing\\calc.js": {"path":"C:\\Users\\rishi\\OneDrive\\Desktop\\Solo-testing\\calc.js","statementMap":{"0":{"start":{"line":3,"column":6},"end":{"line":3,"column":19}},"1":{"start":{"line":7,"column":6},"end":{"line":7,"column":19}},"2":{"start":{"line":11,"column":6},"end":{"line":11,"column":19}},"3":{"start":{"line":15,"column":6},"end":{"line":17,"column":7}},"4":{"start":{"line":16,"column":8},"end":{"line":16,"column":44}},"5":{"start":{"line":19,"column":6},"end":{"line":19,"column":19}},"6":{"start":{"line":22,"column":0},"end":{"line":22,"column":28}}},"fnMap":{"0":{"name":"(anonymous_0)","decl":{"start":{"line":2,"column":4},"end":{"line":2,"column":5}},"loc":{"start":{"line":2,"column":14},"end":{"line":4,"column":5}},"line":2},"1":{"name":"(anonymous_1)","decl":{"start":{"line":6,"column":4},"end":{"line":6,"column":5}},"loc":{"start":{"line":6,"column":19},"end":{"line":8,"column":5}},"line":6},"2":{"name":"(anonymous_2)","decl":{"start":{"line":10,"column":4},"end":{"line":10,"column":5}},"loc":{"start":{"line":10,"column":19},"end":{"line":12,"column":5}},"line":10},"3":{"name":"(anonymous_3)","decl":{"start":{"line":14,"column":4},"end":{"line":14,"column":5}},"loc":{"start":{"line":14,"column":17},"end":{"line":20,"column":5}},"line":14}},"branchMap":{"0":{"loc":{"start":{"line":15,"column":6},"end":{"line":17,"column":7}},"type":"if","locations":[{"start":{"line":15,"column":6},"end":{"line":17,"column":7}},{"start":{},"end":{}}],"line":15}},"s":{"0":3,"1":3,"2":3,"3":4,"4":1,"5":3,"6":1},"f":{"0":3,"1":3,"2":3,"3":4},"b":{"0":[1,3]},"_coverageSchema":"1a1c01bbd47fc00a2c39e90264f33305004495a9","hash":"08c63b9f5636eb0827acd30ed05497421be25c9f"}
,"C:\\Users\\rishi\\OneDrive\\Desktop\\Solo-testing\\cap.js": {"path":"C:\\Users\\rishi\\OneDrive\\Desktop\\Solo-testing\\cap.js","statementMap":{"0":{"start":{"line":1,"column":19},"end":{"line":7,"column":1}},"1":{"start":{"line":2,"column":4},"end":{"line":4,"column":7}},"2":{"start":{"line":3,"column":8},"end":{"line":3,"column":18}},"3":{"start":{"line":6,"column":6},"end":{"line":6,"column":62}},"4":{"start":{"line":8,"column":0},"end":{"line":8,"column":27}}},"fnMap":{"0":{"name":"(anonymous_0)","decl":{"start":{"line":1,"column":19},"end":{"line":1,"column":20}},"loc":{"start":{"line":1,"column":31},"end":{"line":7,"column":1}},"line":1}},"branchMap":{"0":{"loc":{"start":{"line":2,"column":4},"end":{"line":4,"column":7}},"type":"if","locations":[{"start":{"line":2,"column":4},"end":{"line":4,"column":7}},{"start":{},"end":{}}],"line":2}},"s":{"0":1,"1":3,"2":1,"3":2,"4":1},"f":{"0":3},"b":{"0":[1,2]},"_coverageSchema":"1a1c01bbd47fc00a2c39e90264f33305004495a9","hash":"e6665c2131016703976637f1487ab81373f9f6f0"}
,"C:\\Users\\rishi\\OneDrive\\Desktop\\Solo-testing\\revString.js": {"path":"C:\\Users\\rishi\\OneDrive\\Desktop\\Solo-testing\\revString.js","statementMap":{"0":{"start":{"line":2,"column":4},"end":{"line":2,"column":47}},"1":{"start":{"line":4,"column":0},"end":{"line":4,"column":30}}},"fnMap":{"0":{"name":"reverseString","decl":{"start":{"line":1,"column":9},"end":{"line":1,"column":22}},"loc":{"start":{"line":1,"column":31},"end":{"line":3,"column":1}},"line":1}},"branchMap":{},"s":{"0":3,"1":1},"f":{"0":3},"b":{},"_coverageSchema":"1a1c01bbd47fc00a2c39e90264f33305004495a9","hash":"f5a68b2975a3a679f8812c68086fe8cf6b770054"}
,"C:\\Users\\rishi\\OneDrive\\Desktop\\Solo-testing\\string.js": {"path":"C:\\Users\\rishi\\OneDrive\\Desktop\\Solo-testing\\string.js","statementMap":{"0":{"start":{"line":2,"column":19},"end":{"line":2,"column":32}},"1":{"start":{"line":4,"column":4},"end":{"line":6,"column":5}},"2":{"start":{"line":5,"column":6},"end":{"line":5,"column":50}},"3":{"start":{"line":8,"column":4},"end":{"line":10,"column":5}},"4":{"start":{"line":9,"column":6},"end":{"line":9,"column":70}},"5":{"start":{"line":12,"column":4},"end":{"line":12,"column":18}},"6":{"start":{"line":14,"column":0},"end":{"line":14,"column":29}}},"fnMap":{"0":{"name":"stringLength","decl":{"start":{"line":1,"column":9},"end":{"line":1,"column":21}},"loc":{"start":{"line":1,"column":29},"end":{"line":13,"column":1}},"line":1}},"branchMap":{"0":{"loc":{"start":{"line":4,"column":4},"end":{"line":6,"column":5}},"type":"if","locations":[{"start":{"line":4,"column":4},"end":{"line":6,"column":5}},{"start":{},"end":{}}],"line":4},"1":{"loc":{"start":{"line":8,"column":4},"end":{"line":10,"column":5}},"type":"if","locations":[{"start":{"line":8,"column":4},"end":{"line":10,"column":5}},{"start":{},"end":{}}],"line":8}},"s":{"0":5,"1":5,"2":1,"3":4,"4":1,"5":3,"6":1},"f":{"0":5},"b":{"0":[1,4],"1":[1,3]},"_coverageSchema":"1a1c01bbd47fc00a2c39e90264f33305004495a9","hash":"cfdbcd9b331b1879ed0ff7dad1db8f4fec9cccf4"}
}
