TN:
SF:calc.js
FN:2,(anonymous_0)
FN:6,(anonymous_1)
FN:10,(anonymous_2)
FN:14,(anonymous_3)
FNF:4
FNH:4
FNDA:3,(anonymous_0)
FNDA:3,(anonymous_1)
FNDA:3,(anonymous_2)
FNDA:4,(anonymous_3)
DA:3,3
DA:7,3
DA:11,3
DA:15,4
DA:16,1
DA:19,3
DA:22,1
LF:7
LH:7
BRDA:15,0,0,1
BRDA:15,0,1,3
BRF:2
BRH:2
end_of_record
TN:
SF:cap.js
FN:1,(anonymous_0)
FNF:1
FNH:1
FNDA:3,(anonymous_0)
DA:1,1
DA:2,3
DA:3,1
DA:6,2
DA:8,1
LF:5
LH:5
BRDA:2,0,0,1
BRDA:2,0,1,2
BRF:2
BRH:2
end_of_record
TN:
SF:revString.js
FN:1,reverseString
FNF:1
FNH:1
FNDA:3,reverseString
DA:2,3
DA:4,1
LF:2
LH:2
BRF:0
BRH:0
end_of_record
TN:
SF:string.js
FN:1,stringLength
FNF:1
FNH:1
FNDA:5,stringLength
DA:2,5
DA:4,5
DA:5,1
DA:8,4
DA:9,1
DA:12,3
DA:14,1
LF:7
LH:7
BRDA:4,0,0,1
BRDA:4,0,1,4
BRDA:8,1,0,1
BRDA:8,1,1,3
BRF:4
BRH:4
end_of_record
